


ARM Macro Assembler    Page 1 


    1 00000000         ;/******************************************************
                       ********************//**
    2 00000000         ; * @file     startup_M051Series.s
    3 00000000         ; * @version  V2.00
    4 00000000         ; * $Revision: 2 $
    5 00000000         ; * $Date: 4/09/12 2:22p $ 
    6 00000000         ; * @brief    M051 Series Startup Source File
    7 00000000         ; *
    8 00000000         ; * @note
    9 00000000         ; * Copyright (C) 2011 Nuvoton Technology Corp. All righ
                       ts reserved.
   10 00000000         ; *
   11 00000000         ; ******************************************************
                       ************************/
   12 00000000         
   13 00000000         
   14 00000000         ;;;;;;;;;;;;;;;;;;;;;;;;;;;;;;;;;;;;;;;;;;;;;;;;;;;
   15 00000000         
   16 00000000                 GBLL             SEMIHOSTED
   17 00000000 FALSE    
                       SEMIHOSTED
                               SETL             {FALSE}
   18 00000000         
   19 00000000         
   20 00000000         ;;;;;;;;;;;;;;;;;;;;;;;;;;;;;;;;;;;;;;;;;;;;;;;;;;;
   21 00000000         
   22 00000000         
   23 00000000         
   24 00000000 00000200 
                       Stack_Size
                               EQU              0x00000200
   25 00000000         
   26 00000000                 AREA             STACK, NOINIT, READWRITE, ALIGN
=3
   27 00000000         Stack_Mem
                               SPACE            Stack_Size
   28 00000200         __initial_sp
   29 00000200         
   30 00000200         
   31 00000200         ; <h> Heap Configuration
   32 00000200         ;   <o>  Heap Size (in Bytes) <0x0-0xFFFFFFFF:8>
   33 00000200         ; </h>
   34 00000200         
   35 00000200 00000000 
                       Heap_Size
                               EQU              0x00000000
   36 00000200         
   37 00000200                 AREA             HEAP, NOINIT, READWRITE, ALIGN=
3
   38 00000000         __heap_base
   39 00000000         Heap_Mem
                               SPACE            Heap_Size
   40 00000000         __heap_limit
   41 00000000         
   42 00000000         
   43 00000000                 PRESERVE8
   44 00000000                 THUMB
   45 00000000         
   46 00000000         



ARM Macro Assembler    Page 2 


   47 00000000         ; Vector Table Mapped to Address 0 at Reset
   48 00000000                 AREA             RESET, DATA, READONLY
   49 00000000                 EXPORT           __Vectors
   50 00000000         
   51 00000000 00000000 
                       __Vectors
                               DCD              __initial_sp ; Top of Stack
   52 00000004 00000000        DCD              Reset_Handler ; Reset Handler
   53 00000008 00000000        DCD              NMI_Handler ; NMI Handler
   54 0000000C 00000000        DCD              HardFault_Handler ; Hard Fault 
                                                            Handler
   55 00000010 00000000        DCD              0           ; Reserved
   56 00000014 00000000        DCD              0           ; Reserved
   57 00000018 00000000        DCD              0           ; Reserved
   58 0000001C 00000000        DCD              0           ; Reserved
   59 00000020 00000000        DCD              0           ; Reserved
   60 00000024 00000000        DCD              0           ; Reserved
   61 00000028 00000000        DCD              0           ; Reserved
   62 0000002C 00000000        DCD              SVC_Handler ; SVCall Handler
   63 00000030 00000000        DCD              0           ; Reserved
   64 00000034 00000000        DCD              0           ; Reserved
   65 00000038 00000000        DCD              OS_CPU_PendSVHandler ; PendSV H
                                                            andler ---modify by
                                                             yng 20140210
   66 0000003C 00000000        DCD              OS_CPU_SysTickHandler ; SysTick
                                                             Handler ---modify 
                                                            by yng 20140210
   67 00000040         
   68 00000040         ; External Interrupts
   69 00000040         ; maximum of 32 External Interrupts are possible
   70 00000040 00000000        DCD              BOD_IRQHandler
   71 00000044 00000000        DCD              WDT_IRQHandler
   72 00000048 00000000        DCD              EINT0_IRQHandler
   73 0000004C 00000000        DCD              EINT1_IRQHandler
   74 00000050 00000000        DCD              GPIOP0P1_IRQHandler
   75 00000054 00000000        DCD              GPIOP2P3P4_IRQHandler
   76 00000058 00000000        DCD              PWMA_IRQHandler
   77 0000005C 00000000        DCD              PWMB_IRQHandler
   78 00000060 00000000        DCD              TMR0_IRQHandler
   79 00000064 00000000        DCD              TMR1_IRQHandler
   80 00000068 00000000        DCD              TMR2_IRQHandler
   81 0000006C 00000000        DCD              TMR3_IRQHandler
   82 00000070 00000000        DCD              UART0_IRQHandler
   83 00000074 00000000        DCD              UART1_IRQHandler
   84 00000078 00000000        DCD              SPI0_IRQHandler
   85 0000007C 00000000        DCD              SPI1_IRQHandler
   86 00000080 00000000        DCD              Default_Handler
   87 00000084 00000000        DCD              Default_Handler
   88 00000088 00000000        DCD              I2C0_IRQHandler
   89 0000008C 00000000        DCD              I2C1_IRQHandler
   90 00000090 00000000        DCD              Default_Handler
   91 00000094 00000000        DCD              Default_Handler
   92 00000098 00000000        DCD              Default_Handler
   93 0000009C 00000000        DCD              Default_Handler
   94 000000A0 00000000        DCD              Default_Handler
   95 000000A4 00000000        DCD              ACMP0_IRQHandler
   96 000000A8 00000000        DCD              ACMP1_IRQHandler
   97 000000AC 00000000        DCD              Default_Handler
   98 000000B0 00000000        DCD              PWRWU_IRQHandler



ARM Macro Assembler    Page 3 


   99 000000B4 00000000        DCD              ADC_IRQHandler
  100 000000B8 00000000        DCD              Default_Handler
  101 000000BC 00000000        DCD              RTC_IRQHandler
  102 000000C0         
  103 000000C0         
  104 000000C0                 AREA             |.text|, CODE, READONLY
  105 00000000         
  106 00000000         
  107 00000000         
  108 00000000         ; Reset Handler 
  109 00000000         
  110 00000000                 ENTRY
  111 00000000         
  112 00000000         Reset_Handler
                               PROC
  113 00000000                 EXPORT           Reset_Handler             [WEAK
]
  114 00000000                 IMPORT           SystemInit
  115 00000000                 IMPORT           __main
  116 00000000         
  117 00000000 4809            LDR              R0, =0x50000100
  118 00000002         ; Unlock Register                
  119 00000002         
  120 00000002 490A            LDR              R1, =0x59
  121 00000004 6001            STR              R1, [R0]
  122 00000006 490A            LDR              R1, =0x16
  123 00000008 6001            STR              R1, [R0]
  124 0000000A 490A            LDR              R1, =0x88
  125 0000000C 6001            STR              R1, [R0]
  126 0000000E         
  127 0000000E         ; Init POR
  128 0000000E 4A0A            LDR              R2, =0x50000024
  129 00000010 490A            LDR              R1, =0x00005AA5
  130 00000012 6011            STR              R1, [R2]
  131 00000014         
  132 00000014         ; Lock register
  133 00000014 2100            MOVS             R1, #0
  134 00000016 6001            STR              R1, [R0]
  135 00000018         
  136 00000018         ;LDR     R0, =SystemInit
  137 00000018         ;BLX     R0
  138 00000018 4809            LDR              R0, =__main
  139 0000001A 4700            BX               R0
  140 0000001C                 ENDP
  141 0000001C         
  142 0000001C         
  143 0000001C         
  144 0000001C         ; Dummy Exception Handlers (infinite loops which can be 
                       modified)                
  145 0000001C         
  146 0000001C         NMI_Handler
                               PROC
  147 0000001C                 EXPORT           NMI_Handler               [WEAK
]
  148 0000001C E7FE            B                .
  149 0000001E                 ENDP
  151 0000001E         HardFault_Handler
                               PROC
  152 0000001E                 EXPORT           HardFault_Handler         [WEAK



ARM Macro Assembler    Page 4 


]
  153 0000001E                 IF               SEMIHOSTED
  165                          ENDIF
  166 0000001E         
  167 0000001E E7FE            B                .
  168 00000020                 ENDP
  169 00000020         SVC_Handler
                               PROC
  170 00000020                 EXPORT           SVC_Handler               [WEAK
]
  171 00000020 E7FE            B                .
  172 00000022                 ENDP
  173 00000022         OS_CPU_PendSVHandler
                               PROC
  174 00000022                 EXPORT           OS_CPU_PendSVHandler      [WEAK
] 
                                                            ;modify by yng 2014
                                                            0210
  175 00000022 E7FE            B                .
  176 00000024                 ENDP
  177 00000024         OS_CPU_SysTickHandler
                               PROC
  178 00000024                 EXPORT           OS_CPU_SysTickHandler     [WEAK
] 
                                                            ;modify by yng 2014
                                                            0210
  179 00000024 E7FE            B                .
  180 00000026                 ENDP
  181 00000026         
  182 00000026         Default_Handler
                               PROC
  183 00000026         
  184 00000026                 EXPORT           BOD_IRQHandler            [WEAK
]
  185 00000026                 EXPORT           WDT_IRQHandler            [WEAK
]
  186 00000026                 EXPORT           EINT0_IRQHandler          [WEAK
]
  187 00000026                 EXPORT           EINT1_IRQHandler          [WEAK
]
  188 00000026                 EXPORT           GPIOP0P1_IRQHandler       [WEAK
]
  189 00000026                 EXPORT           GPIOP2P3P4_IRQHandler     [WEAK
]
  190 00000026                 EXPORT           PWMA_IRQHandler           [WEAK
]
  191 00000026                 EXPORT           PWMB_IRQHandler           [WEAK
]
  192 00000026                 EXPORT           TMR0_IRQHandler           [WEAK
]
  193 00000026                 EXPORT           TMR1_IRQHandler           [WEAK
]
  194 00000026                 EXPORT           TMR2_IRQHandler           [WEAK
]
  195 00000026                 EXPORT           TMR3_IRQHandler           [WEAK
]
  196 00000026                 EXPORT           UART0_IRQHandler          [WEAK
]
  197 00000026                 EXPORT           UART1_IRQHandler          [WEAK



ARM Macro Assembler    Page 5 


]
  198 00000026                 EXPORT           SPI0_IRQHandler           [WEAK
]
  199 00000026                 EXPORT           SPI1_IRQHandler           [WEAK
]
  200 00000026                 EXPORT           I2C0_IRQHandler           [WEAK
]
  201 00000026                 EXPORT           I2C1_IRQHandler           [WEAK
]
  202 00000026                 EXPORT           ACMP0_IRQHandler          [WEAK
]
  203 00000026                 EXPORT           ACMP1_IRQHandler          [WEAK
]
  204 00000026                 EXPORT           PWRWU_IRQHandler          [WEAK
]
  205 00000026                 EXPORT           ADC_IRQHandler            [WEAK
]
  206 00000026                 EXPORT           RTC_IRQHandler            [WEAK
]
  207 00000026         
  208 00000026         BOD_IRQHandler
  209 00000026         WDT_IRQHandler
  210 00000026         EINT0_IRQHandler
  211 00000026         EINT1_IRQHandler
  212 00000026         GPIOP0P1_IRQHandler
  213 00000026         GPIOP2P3P4_IRQHandler
  214 00000026         PWMA_IRQHandler
  215 00000026         PWMB_IRQHandler
  216 00000026         TMR0_IRQHandler
  217 00000026         TMR1_IRQHandler
  218 00000026         TMR2_IRQHandler
  219 00000026         TMR3_IRQHandler
  220 00000026         UART0_IRQHandler
  221 00000026         UART1_IRQHandler
  222 00000026         SPI0_IRQHandler
  223 00000026         SPI1_IRQHandler
  224 00000026         I2C0_IRQHandler
  225 00000026         I2C1_IRQHandler
  226 00000026         ACMP0_IRQHandler
  227 00000026         ACMP1_IRQHandler
  228 00000026         PWRWU_IRQHandler
  229 00000026         ADC_IRQHandler
  230 00000026         RTC_IRQHandler
  231 00000026 E7FE            B                .
  232 00000028                 ENDP
  233 00000028         
  234 00000028         
  235 00000028                 ALIGN
  236 00000028         
  237 00000028         
  238 00000028         ; User Initial Stack & Heap
  239 00000028         
  240 00000028                 IF               :DEF:__MICROLIB
  241 00000028         
  242 00000028                 EXPORT           __initial_sp
  243 00000028                 EXPORT           __heap_base
  244 00000028                 EXPORT           __heap_limit
  245 00000028         
  246 00000028                 ELSE



ARM Macro Assembler    Page 6 


  260                          ENDIF
  261 00000028                 IF               SEMIHOSTED
  293                          ENDIF
  294 00000028         
  295 00000028         
  296 00000028                 END
              50000100 
              00000059 
              00000016 
              00000088 
              50000024 
              00005AA5 
              00000000 
Command Line: --16 --debug --xref --cpu=Cortex-M0 --apcs=interwork --depend=.\o
bj\startup_M051Series.d -o.\obj\startup_M051Series.o -Id:\Keil\ARM\RV31\Inc -Id
:\Keil\ARM\CMSIS\Include -Id:\Keil\ARM\Inc\?ST\STM32F10x --predefine="__EVAL SE
TA 1" --predefine="__MICROLIB SETA 1" --list=.\lst\startup_M051Series.lst ..\..
\LibM051Series\CMSIS\DeviceSupport\startup_M051Series.s



ARM Macro Assembler    Page 1 Alphabetic symbol ordering
Relocatable symbols

STACK 00000000

Symbol: STACK
   Definitions
      At line 26 in file ..\..\LibM051Series\CMSIS\DeviceSupport\startup_M051Se
ries.s
   Uses
      None
Comment: STACK unused
Stack_Mem 00000000

Symbol: Stack_Mem
   Definitions
      At line 27 in file ..\..\LibM051Series\CMSIS\DeviceSupport\startup_M051Se
ries.s
   Uses
      None
Comment: Stack_Mem unused
__initial_sp 00000200

Symbol: __initial_sp
   Definitions
      At line 28 in file ..\..\LibM051Series\CMSIS\DeviceSupport\startup_M051Se
ries.s
   Uses
      At line 51 in file ..\..\LibM051Series\CMSIS\DeviceSupport\startup_M051Se
ries.s
      At line 242 in file ..\..\LibM051Series\CMSIS\DeviceSupport\startup_M051S
eries.s

3 symbols



ARM Macro Assembler    Page 1 Alphabetic symbol ordering
Relocatable symbols

HEAP 00000000

Symbol: HEAP
   Definitions
      At line 37 in file ..\..\LibM051Series\CMSIS\DeviceSupport\startup_M051Se
ries.s
   Uses
      None
Comment: HEAP unused
Heap_Mem 00000000

Symbol: Heap_Mem
   Definitions
      At line 39 in file ..\..\LibM051Series\CMSIS\DeviceSupport\startup_M051Se
ries.s
   Uses
      None
Comment: Heap_Mem unused
__heap_base 00000000

Symbol: __heap_base
   Definitions
      At line 38 in file ..\..\LibM051Series\CMSIS\DeviceSupport\startup_M051Se
ries.s
   Uses
      At line 243 in file ..\..\LibM051Series\CMSIS\DeviceSupport\startup_M051S
eries.s
Comment: __heap_base used once
__heap_limit 00000000

Symbol: __heap_limit
   Definitions
      At line 40 in file ..\..\LibM051Series\CMSIS\DeviceSupport\startup_M051Se
ries.s
   Uses
      At line 244 in file ..\..\LibM051Series\CMSIS\DeviceSupport\startup_M051S
eries.s
Comment: __heap_limit used once
4 symbols



ARM Macro Assembler    Page 1 Alphabetic symbol ordering
Relocatable symbols

RESET 00000000

Symbol: RESET
   Definitions
      At line 48 in file ..\..\LibM051Series\CMSIS\DeviceSupport\startup_M051Se
ries.s
   Uses
      None
Comment: RESET unused
__Vectors 00000000

Symbol: __Vectors
   Definitions
      At line 51 in file ..\..\LibM051Series\CMSIS\DeviceSupport\startup_M051Se
ries.s
   Uses
      At line 49 in file ..\..\LibM051Series\CMSIS\DeviceSupport\startup_M051Se
ries.s
Comment: __Vectors used once
2 symbols



ARM Macro Assembler    Page 1 Alphabetic symbol ordering
Relocatable symbols

.text 00000000

Symbol: .text
   Definitions
      At line 104 in file ..\..\LibM051Series\CMSIS\DeviceSupport\startup_M051S
eries.s
   Uses
      None
Comment: .text unused
ACMP0_IRQHandler 00000026

Symbol: ACMP0_IRQHandler
   Definitions
      At line 226 in file ..\..\LibM051Series\CMSIS\DeviceSupport\startup_M051S
eries.s
   Uses
      At line 95 in file ..\..\LibM051Series\CMSIS\DeviceSupport\startup_M051Se
ries.s
      At line 202 in file ..\..\LibM051Series\CMSIS\DeviceSupport\startup_M051S
eries.s

ACMP1_IRQHandler 00000026

Symbol: ACMP1_IRQHandler
   Definitions
      At line 227 in file ..\..\LibM051Series\CMSIS\DeviceSupport\startup_M051S
eries.s
   Uses
      At line 96 in file ..\..\LibM051Series\CMSIS\DeviceSupport\startup_M051Se
ries.s
      At line 203 in file ..\..\LibM051Series\CMSIS\DeviceSupport\startup_M051S
eries.s

ADC_IRQHandler 00000026

Symbol: ADC_IRQHandler
   Definitions
      At line 229 in file ..\..\LibM051Series\CMSIS\DeviceSupport\startup_M051S
eries.s
   Uses
      At line 99 in file ..\..\LibM051Series\CMSIS\DeviceSupport\startup_M051Se
ries.s
      At line 205 in file ..\..\LibM051Series\CMSIS\DeviceSupport\startup_M051S
eries.s

BOD_IRQHandler 00000026

Symbol: BOD_IRQHandler
   Definitions
      At line 208 in file ..\..\LibM051Series\CMSIS\DeviceSupport\startup_M051S
eries.s
   Uses
      At line 70 in file ..\..\LibM051Series\CMSIS\DeviceSupport\startup_M051Se
ries.s
      At line 184 in file ..\..\LibM051Series\CMSIS\DeviceSupport\startup_M051S
eries.s

Default_Handler 00000026




ARM Macro Assembler    Page 2 Alphabetic symbol ordering
Relocatable symbols

Symbol: Default_Handler
   Definitions
      At line 182 in file ..\..\LibM051Series\CMSIS\DeviceSupport\startup_M051S
eries.s
   Uses
      At line 86 in file ..\..\LibM051Series\CMSIS\DeviceSupport\startup_M051Se
ries.s
      At line 87 in file ..\..\LibM051Series\CMSIS\DeviceSupport\startup_M051Se
ries.s
      At line 90 in file ..\..\LibM051Series\CMSIS\DeviceSupport\startup_M051Se
ries.s
      At line 91 in file ..\..\LibM051Series\CMSIS\DeviceSupport\startup_M051Se
ries.s
      At line 92 in file ..\..\LibM051Series\CMSIS\DeviceSupport\startup_M051Se
ries.s
      At line 93 in file ..\..\LibM051Series\CMSIS\DeviceSupport\startup_M051Se
ries.s
      At line 94 in file ..\..\LibM051Series\CMSIS\DeviceSupport\startup_M051Se
ries.s
      At line 97 in file ..\..\LibM051Series\CMSIS\DeviceSupport\startup_M051Se
ries.s
      At line 100 in file ..\..\LibM051Series\CMSIS\DeviceSupport\startup_M051S
eries.s

EINT0_IRQHandler 00000026

Symbol: EINT0_IRQHandler
   Definitions
      At line 210 in file ..\..\LibM051Series\CMSIS\DeviceSupport\startup_M051S
eries.s
   Uses
      At line 72 in file ..\..\LibM051Series\CMSIS\DeviceSupport\startup_M051Se
ries.s
      At line 186 in file ..\..\LibM051Series\CMSIS\DeviceSupport\startup_M051S
eries.s

EINT1_IRQHandler 00000026

Symbol: EINT1_IRQHandler
   Definitions
      At line 211 in file ..\..\LibM051Series\CMSIS\DeviceSupport\startup_M051S
eries.s
   Uses
      At line 73 in file ..\..\LibM051Series\CMSIS\DeviceSupport\startup_M051Se
ries.s
      At line 187 in file ..\..\LibM051Series\CMSIS\DeviceSupport\startup_M051S
eries.s

GPIOP0P1_IRQHandler 00000026

Symbol: GPIOP0P1_IRQHandler
   Definitions
      At line 212 in file ..\..\LibM051Series\CMSIS\DeviceSupport\startup_M051S
eries.s
   Uses
      At line 74 in file ..\..\LibM051Series\CMSIS\DeviceSupport\startup_M051Se
ries.s
      At line 188 in file ..\..\LibM051Series\CMSIS\DeviceSupport\startup_M051S
eries.s



ARM Macro Assembler    Page 3 Alphabetic symbol ordering
Relocatable symbols


GPIOP2P3P4_IRQHandler 00000026

Symbol: GPIOP2P3P4_IRQHandler
   Definitions
      At line 213 in file ..\..\LibM051Series\CMSIS\DeviceSupport\startup_M051S
eries.s
   Uses
      At line 75 in file ..\..\LibM051Series\CMSIS\DeviceSupport\startup_M051Se
ries.s
      At line 189 in file ..\..\LibM051Series\CMSIS\DeviceSupport\startup_M051S
eries.s

HardFault_Handler 0000001E

Symbol: HardFault_Handler
   Definitions
      At line 151 in file ..\..\LibM051Series\CMSIS\DeviceSupport\startup_M051S
eries.s
   Uses
      At line 54 in file ..\..\LibM051Series\CMSIS\DeviceSupport\startup_M051Se
ries.s
      At line 152 in file ..\..\LibM051Series\CMSIS\DeviceSupport\startup_M051S
eries.s

I2C0_IRQHandler 00000026

Symbol: I2C0_IRQHandler
   Definitions
      At line 224 in file ..\..\LibM051Series\CMSIS\DeviceSupport\startup_M051S
eries.s
   Uses
      At line 88 in file ..\..\LibM051Series\CMSIS\DeviceSupport\startup_M051Se
ries.s
      At line 200 in file ..\..\LibM051Series\CMSIS\DeviceSupport\startup_M051S
eries.s

I2C1_IRQHandler 00000026

Symbol: I2C1_IRQHandler
   Definitions
      At line 225 in file ..\..\LibM051Series\CMSIS\DeviceSupport\startup_M051S
eries.s
   Uses
      At line 89 in file ..\..\LibM051Series\CMSIS\DeviceSupport\startup_M051Se
ries.s
      At line 201 in file ..\..\LibM051Series\CMSIS\DeviceSupport\startup_M051S
eries.s

NMI_Handler 0000001C

Symbol: NMI_Handler
   Definitions
      At line 146 in file ..\..\LibM051Series\CMSIS\DeviceSupport\startup_M051S
eries.s
   Uses
      At line 53 in file ..\..\LibM051Series\CMSIS\DeviceSupport\startup_M051Se
ries.s
      At line 147 in file ..\..\LibM051Series\CMSIS\DeviceSupport\startup_M051S



ARM Macro Assembler    Page 4 Alphabetic symbol ordering
Relocatable symbols

eries.s

OS_CPU_PendSVHandler 00000022

Symbol: OS_CPU_PendSVHandler
   Definitions
      At line 173 in file ..\..\LibM051Series\CMSIS\DeviceSupport\startup_M051S
eries.s
   Uses
      At line 65 in file ..\..\LibM051Series\CMSIS\DeviceSupport\startup_M051Se
ries.s
      At line 174 in file ..\..\LibM051Series\CMSIS\DeviceSupport\startup_M051S
eries.s

OS_CPU_SysTickHandler 00000024

Symbol: OS_CPU_SysTickHandler
   Definitions
      At line 177 in file ..\..\LibM051Series\CMSIS\DeviceSupport\startup_M051S
eries.s
   Uses
      At line 66 in file ..\..\LibM051Series\CMSIS\DeviceSupport\startup_M051Se
ries.s
      At line 178 in file ..\..\LibM051Series\CMSIS\DeviceSupport\startup_M051S
eries.s

PWMA_IRQHandler 00000026

Symbol: PWMA_IRQHandler
   Definitions
      At line 214 in file ..\..\LibM051Series\CMSIS\DeviceSupport\startup_M051S
eries.s
   Uses
      At line 76 in file ..\..\LibM051Series\CMSIS\DeviceSupport\startup_M051Se
ries.s
      At line 190 in file ..\..\LibM051Series\CMSIS\DeviceSupport\startup_M051S
eries.s

PWMB_IRQHandler 00000026

Symbol: PWMB_IRQHandler
   Definitions
      At line 215 in file ..\..\LibM051Series\CMSIS\DeviceSupport\startup_M051S
eries.s
   Uses
      At line 77 in file ..\..\LibM051Series\CMSIS\DeviceSupport\startup_M051Se
ries.s
      At line 191 in file ..\..\LibM051Series\CMSIS\DeviceSupport\startup_M051S
eries.s

PWRWU_IRQHandler 00000026

Symbol: PWRWU_IRQHandler
   Definitions
      At line 228 in file ..\..\LibM051Series\CMSIS\DeviceSupport\startup_M051S
eries.s
   Uses
      At line 98 in file ..\..\LibM051Series\CMSIS\DeviceSupport\startup_M051Se
ries.s



ARM Macro Assembler    Page 5 Alphabetic symbol ordering
Relocatable symbols

      At line 204 in file ..\..\LibM051Series\CMSIS\DeviceSupport\startup_M051S
eries.s

RTC_IRQHandler 00000026

Symbol: RTC_IRQHandler
   Definitions
      At line 230 in file ..\..\LibM051Series\CMSIS\DeviceSupport\startup_M051S
eries.s
   Uses
      At line 101 in file ..\..\LibM051Series\CMSIS\DeviceSupport\startup_M051S
eries.s
      At line 206 in file ..\..\LibM051Series\CMSIS\DeviceSupport\startup_M051S
eries.s

Reset_Handler 00000000

Symbol: Reset_Handler
   Definitions
      At line 112 in file ..\..\LibM051Series\CMSIS\DeviceSupport\startup_M051S
eries.s
   Uses
      At line 52 in file ..\..\LibM051Series\CMSIS\DeviceSupport\startup_M051Se
ries.s
      At line 113 in file ..\..\LibM051Series\CMSIS\DeviceSupport\startup_M051S
eries.s

SPI0_IRQHandler 00000026

Symbol: SPI0_IRQHandler
   Definitions
      At line 222 in file ..\..\LibM051Series\CMSIS\DeviceSupport\startup_M051S
eries.s
   Uses
      At line 84 in file ..\..\LibM051Series\CMSIS\DeviceSupport\startup_M051Se
ries.s
      At line 198 in file ..\..\LibM051Series\CMSIS\DeviceSupport\startup_M051S
eries.s

SPI1_IRQHandler 00000026

Symbol: SPI1_IRQHandler
   Definitions
      At line 223 in file ..\..\LibM051Series\CMSIS\DeviceSupport\startup_M051S
eries.s
   Uses
      At line 85 in file ..\..\LibM051Series\CMSIS\DeviceSupport\startup_M051Se
ries.s
      At line 199 in file ..\..\LibM051Series\CMSIS\DeviceSupport\startup_M051S
eries.s

SVC_Handler 00000020

Symbol: SVC_Handler
   Definitions
      At line 169 in file ..\..\LibM051Series\CMSIS\DeviceSupport\startup_M051S
eries.s
   Uses
      At line 62 in file ..\..\LibM051Series\CMSIS\DeviceSupport\startup_M051Se



ARM Macro Assembler    Page 6 Alphabetic symbol ordering
Relocatable symbols

ries.s
      At line 170 in file ..\..\LibM051Series\CMSIS\DeviceSupport\startup_M051S
eries.s

TMR0_IRQHandler 00000026

Symbol: TMR0_IRQHandler
   Definitions
      At line 216 in file ..\..\LibM051Series\CMSIS\DeviceSupport\startup_M051S
eries.s
   Uses
      At line 78 in file ..\..\LibM051Series\CMSIS\DeviceSupport\startup_M051Se
ries.s
      At line 192 in file ..\..\LibM051Series\CMSIS\DeviceSupport\startup_M051S
eries.s

TMR1_IRQHandler 00000026

Symbol: TMR1_IRQHandler
   Definitions
      At line 217 in file ..\..\LibM051Series\CMSIS\DeviceSupport\startup_M051S
eries.s
   Uses
      At line 79 in file ..\..\LibM051Series\CMSIS\DeviceSupport\startup_M051Se
ries.s
      At line 193 in file ..\..\LibM051Series\CMSIS\DeviceSupport\startup_M051S
eries.s

TMR2_IRQHandler 00000026

Symbol: TMR2_IRQHandler
   Definitions
      At line 218 in file ..\..\LibM051Series\CMSIS\DeviceSupport\startup_M051S
eries.s
   Uses
      At line 80 in file ..\..\LibM051Series\CMSIS\DeviceSupport\startup_M051Se
ries.s
      At line 194 in file ..\..\LibM051Series\CMSIS\DeviceSupport\startup_M051S
eries.s

TMR3_IRQHandler 00000026

Symbol: TMR3_IRQHandler
   Definitions
      At line 219 in file ..\..\LibM051Series\CMSIS\DeviceSupport\startup_M051S
eries.s
   Uses
      At line 81 in file ..\..\LibM051Series\CMSIS\DeviceSupport\startup_M051Se
ries.s
      At line 195 in file ..\..\LibM051Series\CMSIS\DeviceSupport\startup_M051S
eries.s

UART0_IRQHandler 00000026

Symbol: UART0_IRQHandler
   Definitions
      At line 220 in file ..\..\LibM051Series\CMSIS\DeviceSupport\startup_M051S
eries.s
   Uses



ARM Macro Assembler    Page 7 Alphabetic symbol ordering
Relocatable symbols

      At line 82 in file ..\..\LibM051Series\CMSIS\DeviceSupport\startup_M051Se
ries.s
      At line 196 in file ..\..\LibM051Series\CMSIS\DeviceSupport\startup_M051S
eries.s

UART1_IRQHandler 00000026

Symbol: UART1_IRQHandler
   Definitions
      At line 221 in file ..\..\LibM051Series\CMSIS\DeviceSupport\startup_M051S
eries.s
   Uses
      At line 83 in file ..\..\LibM051Series\CMSIS\DeviceSupport\startup_M051Se
ries.s
      At line 197 in file ..\..\LibM051Series\CMSIS\DeviceSupport\startup_M051S
eries.s

WDT_IRQHandler 00000026

Symbol: WDT_IRQHandler
   Definitions
      At line 209 in file ..\..\LibM051Series\CMSIS\DeviceSupport\startup_M051S
eries.s
   Uses
      At line 71 in file ..\..\LibM051Series\CMSIS\DeviceSupport\startup_M051Se
ries.s
      At line 185 in file ..\..\LibM051Series\CMSIS\DeviceSupport\startup_M051S
eries.s

31 symbols



ARM Macro Assembler    Page 1 Alphabetic symbol ordering
Absolute symbols

Heap_Size 00000000

Symbol: Heap_Size
   Definitions
      At line 35 in file ..\..\LibM051Series\CMSIS\DeviceSupport\startup_M051Se
ries.s
   Uses
      At line 39 in file ..\..\LibM051Series\CMSIS\DeviceSupport\startup_M051Se
ries.s
Comment: Heap_Size used once
Stack_Size 00000200

Symbol: Stack_Size
   Definitions
      At line 24 in file ..\..\LibM051Series\CMSIS\DeviceSupport\startup_M051Se
ries.s
   Uses
      At line 27 in file ..\..\LibM051Series\CMSIS\DeviceSupport\startup_M051Se
ries.s
Comment: Stack_Size used once
2 symbols



ARM Macro Assembler    Page 1 Alphabetic symbol ordering
External symbols

SystemInit 00000000

Symbol: SystemInit
   Definitions
      At line 114 in file ..\..\LibM051Series\CMSIS\DeviceSupport\startup_M051S
eries.s
   Uses
      None
Comment: SystemInit unused
__main 00000000

Symbol: __main
   Definitions
      At line 115 in file ..\..\LibM051Series\CMSIS\DeviceSupport\startup_M051S
eries.s
   Uses
      At line 138 in file ..\..\LibM051Series\CMSIS\DeviceSupport\startup_M051S
eries.s
Comment: __main used once
2 symbols
379 symbols in table
